2018-02-28 23:30:20 processUpload
2018-02-28 23:30:20 processUpload - type
2018-02-28 23:30:20 processUpload - folder
2018-02-28 23:30:20 processUpload - dir: C:\inetpub\webroot\ResSched\data\interviews\
2018-02-28 23:30:20 processUpload - onto saving...
2018-02-28 23:30:20 processUpload - type=datafile
2018-02-28 23:30:20 processUpload - type=datafile: success
2018-02-28 23:37:57 processUpload
2018-02-28 23:37:57 processUpload - type
2018-02-28 23:37:57 processUpload - folder
2018-02-28 23:37:57 processUpload - dir: C:\inetpub\webroot\ResSched\data\interviews\
2018-02-28 23:37:57 processUpload - onto saving...
2018-02-28 23:37:57 processUpload - type=datafile
2018-02-28 23:37:57 processUpload - type=datafile: success
2018-02-28 23:41:20 processUpload
2018-02-28 23:41:20 processUpload - type
2018-02-28 23:41:20 processUpload - folder
2018-02-28 23:41:20 processUpload - dir: C:\inetpub\webroot\ResSched\data\interviews\
2018-02-28 23:41:20 processUpload - onto saving...
2018-02-28 23:41:20 processUpload - type=datafile
2018-02-28 23:41:20 processUpload - type=datafile: success
2018-02-28 23:46:05 processUpload
2018-02-28 23:46:05 processUpload - type
2018-02-28 23:46:05 processUpload - folder
2018-02-28 23:46:05 processUpload - dir: C:\inetpub\webroot\ResSched\data\interviews\
2018-02-28 23:46:05 processUpload - onto saving...
2018-02-28 23:46:05 processUpload - type=datafile
2018-02-28 23:46:05 processUpload - type=datafile: success
2018-02-28 23:46:54 processUpload
2018-02-28 23:46:54 processUpload - type
2018-02-28 23:46:54 processUpload - folder
2018-02-28 23:46:54 processUpload - dir: C:\inetpub\webroot\ResSched\data\interviews\
2018-02-28 23:46:54 processUpload - onto saving...
2018-02-28 23:46:54 processUpload - type=datafile
2018-02-28 23:46:54 processUpload - type=datafile: success
2018-03-01 09:07:04 processUpload
2018-03-01 09:07:04 processUpload - type
2018-03-01 09:07:04 processUpload - folder
2018-03-01 09:07:04 processUpload - dir: C:\inetpub\webroot\ResSched\data\interviews\
2018-03-01 09:07:04 processUpload - onto saving...
2018-03-01 09:07:04 processUpload - type=datafile
2018-03-01 09:07:04 processUpload - type=datafile: success
2018-03-01 09:07:12 processUpload
2018-03-01 09:07:12 processUpload - type
2018-03-01 09:07:12 processUpload - folder
2018-03-01 09:07:12 processUpload - dir: C:\inetpub\webroot\ResSched\data\interviews\
2018-03-01 09:07:12 processUpload - onto saving...
2018-03-01 09:07:12 processUpload - type=datafile
2018-03-01 09:07:12 processUpload - type=datafile: success
2018-03-01 11:49:28 processUpload
2018-03-01 11:49:28 processUpload - type
2018-03-01 11:49:28 processUpload - folder
2018-03-01 11:49:28 processUpload - dir: C:\inetpub\webroot\ResSched\data\interviews\
2018-03-01 11:49:28 processUpload - onto saving...
2018-03-01 11:49:28 processUpload - type=datafile
2018-03-01 11:49:28 processUpload - type=datafile: success
2018-03-01 12:30:06 processUpload
2018-03-01 12:30:06 processUpload - type
2018-03-01 12:30:06 processUpload - folder
2018-03-01 12:30:06 processUpload - dir: C:\inetpub\webroot\ResSched\data\interviews\
2018-03-01 12:30:06 processUpload - onto saving...
2018-03-01 12:30:06 processUpload - type=datafile
2018-03-01 12:30:06 processUpload - type=datafile: success
2018-03-01 15:00:53 processUpload
2018-03-01 15:00:53 processUpload - type
2018-03-01 15:00:53 processUpload - folder
2018-03-01 15:00:53 processUpload - dir: C:\inetpub\webroot\ResSched\data\interviews\
2018-03-01 15:00:53 processUpload - onto saving...
2018-03-01 15:00:53 processUpload - type=datafile
2018-03-01 15:00:53 processUpload - type=datafile: success
2018-03-01 15:02:59 processUpload
2018-03-01 15:02:59 processUpload - type
2018-03-01 15:02:59 processUpload - folder
2018-03-01 15:02:59 processUpload - dir: C:\inetpub\webroot\ResSched\data\interviews\
2018-03-01 15:02:59 processUpload - onto saving...
2018-03-01 15:02:59 processUpload - type=datafile
2018-03-01 15:02:59 processUpload - type=datafile: success
2018-03-01 15:33:36 processUpload
2018-03-01 15:33:36 processUpload - type
2018-03-01 15:33:36 processUpload - folder
2018-03-01 15:33:36 processUpload - dir: C:\inetpub\webroot\ResSched\data\interviews\
2018-03-01 15:33:36 processUpload - onto saving...
2018-03-01 15:33:36 processUpload - type=datafile
2018-03-01 15:33:36 processUpload - type=datafile: success
2018-03-01 15:46:35 processUpload
2018-03-01 15:46:35 processUpload - type
2018-03-01 15:46:35 processUpload - folder
2018-03-01 15:46:35 processUpload - dir: C:\inetpub\webroot\ResSched\data\interviews\
2018-03-01 15:46:35 processUpload - onto saving...
2018-03-01 15:46:35 processUpload - type=datafile
2018-03-01 15:46:35 processUpload - type=datafile: success
2018-03-05 08:30:40 processUpload
2018-03-05 08:30:40 processUpload - type
2018-03-05 08:30:40 processUpload - folder
2018-03-05 08:30:40 processUpload - dir: C:\inetpub\webroot\ResSched\data\interviews\
2018-03-05 08:30:40 processUpload - onto saving...
2018-03-05 08:30:40 processUpload - type=datafile
2018-03-05 08:30:40 processUpload - type=datafile: success
2018-03-06 15:39:30 processUpload
2018-03-06 15:39:30 processUpload - type
2018-03-06 15:39:30 processUpload - folder
2018-03-06 15:39:30 processUpload - dir: C:\inetpub\webroot\ResSched\data\interviews\
2018-03-06 15:39:30 processUpload - onto saving...
2018-03-06 15:39:30 processUpload - type=datafile
2018-03-06 15:39:30 processUpload - type=datafile: success
2018-03-12 23:35:24 processUpload
2018-03-12 23:35:24 processUpload - type
2018-03-12 23:35:24 processUpload - folder
2018-03-12 23:35:24 processUpload - dir: C:\inetpub\webroot\ResSched\data\interviews\
2018-03-12 23:35:24 processUpload - onto saving...
2018-03-12 23:35:24 processUpload - type=datafile
2018-03-12 23:35:24 processUpload - type=datafile: success
2018-03-12 23:35:50 processUpload
2018-03-12 23:35:50 processUpload - type
2018-03-12 23:35:50 processUpload - folder
2018-03-12 23:35:50 processUpload - dir: C:\inetpub\webroot\ResSched\data\interviews\
2018-03-12 23:35:50 processUpload - onto saving...
2018-03-12 23:35:50 processUpload - type=datafile
2018-03-12 23:35:50 processUpload - type=datafile: success
2018-03-12 23:35:59 processUpload
2018-03-12 23:35:59 processUpload - type
2018-03-12 23:35:59 processUpload - folder
2018-03-12 23:35:59 processUpload - dir: C:\inetpub\webroot\ResSched\data\interviews\
2018-03-12 23:35:59 processUpload - onto saving...
2018-03-12 23:35:59 processUpload - type=datafile
2018-03-12 23:35:59 processUpload - type=datafile: success
2018-03-12 23:37:56 processUpload
2018-03-12 23:37:56 processUpload - type
2018-03-12 23:37:56 processUpload - folder
2018-03-12 23:37:56 processUpload - dir: C:\inetpub\webroot\ResSched\data\interviews\
2018-03-12 23:37:56 processUpload - onto saving...
2018-03-12 23:37:56 processUpload - type=datafile
2018-03-12 23:37:56 processUpload - type=datafile: success
2018-03-12 23:38:11 processUpload
2018-03-12 23:38:11 processUpload - type
2018-03-12 23:38:11 processUpload - folder
2018-03-12 23:38:11 processUpload - dir: C:\inetpub\webroot\ResSched\data\interviews\
2018-03-12 23:38:11 processUpload - onto saving...
2018-03-12 23:38:11 processUpload - type=datafile
2018-03-12 23:38:11 processUpload - type=datafile: success
2018-03-13 10:42:19 processUpload
2018-03-13 10:42:19 processUpload - type
2018-03-13 10:42:19 processUpload - folder
2018-03-13 10:42:19 processUpload - dir: C:\inetpub\webroot\ResSched\data\interviews\
2018-03-13 10:42:19 processUpload - onto saving...
2018-03-13 10:42:19 processUpload - type=datafile
2018-03-13 10:42:19 processUpload - type=datafile: success
2018-03-13 12:19:17 processUpload
2018-03-13 12:19:17 processUpload - type
2018-03-13 12:19:17 processUpload - folder
2018-03-13 12:19:17 processUpload - dir: C:\inetpub\webroot\ResSched\data\interviews\
2018-03-13 12:19:17 processUpload - onto saving...
2018-03-13 12:19:17 processUpload - type=datafile
2018-03-13 12:19:17 processUpload - type=datafile: success
2018-03-13 14:50:50 processUpload
2018-03-13 14:50:50 processUpload - type
2018-03-13 14:50:50 processUpload - folder
2018-03-13 14:50:50 processUpload - dir: C:\inetpub\webroot\ResSched\data\interviews\
2018-03-13 14:50:50 processUpload - onto saving...
2018-03-13 14:50:50 processUpload - type=datafile
2018-03-13 14:50:50 processUpload - type=datafile: success
2018-03-13 15:12:26 processUpload
2018-03-13 15:12:26 processUpload - type
2018-03-13 15:12:26 processUpload - folder
2018-03-13 15:12:26 processUpload - dir: C:\inetpub\webroot\ResSched\data\interviews\
2018-03-13 15:12:26 processUpload - onto saving...
2018-03-13 15:12:26 processUpload - type=datafile
2018-03-13 15:12:26 processUpload - type=datafile: success
2018-03-13 19:54:12 processUpload
2018-03-13 19:54:12 processUpload - type
2018-03-13 19:54:12 processUpload - folder
2018-03-13 19:54:12 processUpload - dir: C:\inetpub\webroot\ResSched\data\interviews\
2018-03-13 19:54:12 processUpload - onto saving...
2018-03-13 19:54:12 processUpload - type=datafile
2018-03-13 19:54:12 processUpload - type=datafile: success
2018-03-13 22:04:11 processUpload
2018-03-13 22:04:11 processUpload - type
2018-03-13 22:04:11 processUpload - folder
2018-03-13 22:04:11 processUpload - dir: C:\inetpub\webroot\ResSched\data\interviews\
2018-03-13 22:04:11 processUpload - onto saving...
2018-03-13 22:04:11 processUpload - type=datafile
2018-03-13 22:04:11 processUpload - type=datafile: success
2018-03-13 22:41:15 processUpload
2018-03-13 22:41:15 processUpload - type
2018-03-13 22:41:15 processUpload - folder
2018-03-13 22:41:15 processUpload - dir: C:\inetpub\webroot\ResSched\data\interviews\
2018-03-13 22:41:15 processUpload - onto saving...
2018-03-13 22:41:15 processUpload - type=datafile
2018-03-13 22:41:15 processUpload - type=datafile: success
2018-03-13 22:51:01 processUpload
2018-03-13 22:51:01 processUpload - type
2018-03-13 22:51:01 processUpload - folder
2018-03-13 22:51:01 processUpload - dir: C:\inetpub\webroot\ResSched\data\interviews\
2018-03-13 22:51:01 processUpload - onto saving...
2018-03-13 22:51:01 processUpload - type=datafile
2018-03-13 22:51:01 processUpload - type=datafile: success
2018-03-13 22:51:45 processUpload
2018-03-13 22:51:45 processUpload - type
2018-03-13 22:51:45 processUpload - folder
2018-03-13 22:51:45 processUpload - dir: C:\inetpub\webroot\ResSched\data\interviews\
2018-03-13 22:51:45 processUpload - onto saving...
2018-03-13 22:51:45 processUpload - type=datafile
2018-03-13 22:51:45 processUpload - type=datafile: success
2018-03-13 22:55:41 processUpload
2018-03-13 22:55:41 processUpload - type
2018-03-13 22:55:41 processUpload - folder
2018-03-13 22:55:41 processUpload - dir: C:\inetpub\webroot\ResSched\data\interviews\
2018-03-13 22:55:41 processUpload - onto saving...
2018-03-13 22:55:41 processUpload - type=datafile
2018-03-13 22:55:41 processUpload - type=datafile: success
2018-03-13 23:02:22 processUpload
2018-03-13 23:02:22 processUpload - type
2018-03-13 23:02:22 processUpload - folder
2018-03-13 23:02:22 processUpload - dir: C:\inetpub\webroot\ResSched\data\interviews\
2018-03-13 23:02:22 processUpload - onto saving...
2018-03-13 23:02:22 processUpload - type=datafile
2018-03-13 23:02:22 processUpload - type=datafile: success
2018-03-14 13:58:55 processUpload
2018-03-14 13:58:55 processUpload - type
2018-03-14 13:58:55 processUpload - folder
2018-03-14 13:58:55 processUpload - dir: C:\inetpub\webroot\ResSched\data\interviews\
2018-03-14 13:58:55 processUpload - onto saving...
2018-03-14 13:58:55 processUpload - type=datafile
2018-03-14 13:58:55 processUpload - type=datafile: success
2018-03-14 13:59:04 processUpload
2018-03-14 13:59:04 processUpload - type
2018-03-14 13:59:04 processUpload - folder
2018-03-14 13:59:04 processUpload - dir: C:\inetpub\webroot\ResSched\data\interviews\
2018-03-14 13:59:04 processUpload - onto saving...
2018-03-14 13:59:04 processUpload - type=datafile
2018-03-14 13:59:04 processUpload - type=datafile: success
2018-03-14 14:15:11 processUpload
2018-03-14 14:15:11 processUpload - type
2018-03-14 14:15:11 processUpload - folder
2018-03-14 14:15:11 processUpload - dir: C:\inetpub\webroot\ResSched\data\interviews\
2018-03-14 14:15:11 processUpload - onto saving...
2018-03-14 14:15:11 processUpload - type=datafile
2018-03-14 14:15:11 processUpload - type=datafile: success
2018-03-14 14:22:10 processUpload
2018-03-14 14:22:10 processUpload - type
2018-03-14 14:22:10 processUpload - folder
2018-03-14 14:22:10 processUpload - dir: C:\inetpub\webroot\ResSched\data\interviews\
2018-03-14 14:22:10 processUpload - onto saving...
2018-03-14 14:22:10 processUpload - type=datafile
2018-03-14 14:22:10 processUpload - type=datafile: success
2018-03-14 14:31:24 processUpload
2018-03-14 14:31:24 processUpload - type
2018-03-14 14:31:24 processUpload - folder
2018-03-14 14:31:24 processUpload - dir: C:\inetpub\webroot\ResSched\data\interviews\
2018-03-14 14:31:24 processUpload - onto saving...
2018-03-14 14:31:24 processUpload - type=datafile
2018-03-14 14:31:24 processUpload - type=datafile: success
2018-03-23 13:20:04 processUpload
2018-03-23 13:20:04 processUpload - type
2018-03-23 13:20:04 processUpload - folder
2018-03-23 13:20:04 processUpload - dir: C:\inetpub\webroot\ResSched\data\interviews\
2018-03-23 13:20:04 processUpload - onto saving...
2018-03-23 13:20:04 processUpload - type=datafile
2018-03-23 13:20:04 processUpload - type=datafile: success
2018-08-04 16:15:41 processUpload
2018-08-04 16:15:41 processUpload - type
2018-08-04 16:15:41 processUpload - folder
2018-08-04 16:15:41 processUpload - dir: C:\inetpub\webroot\ResSched\data\interviews\
2018-08-04 16:15:41 processUpload - onto saving...
2018-08-04 16:15:41 processUpload - type=datafile
2018-08-04 16:15:41 processUpload - type=datafile: success
2018-08-04 16:18:35 processUpload
2018-08-04 16:18:35 processUpload - type
2018-08-04 16:18:35 processUpload - folder
2018-08-04 16:18:35 processUpload - dir: C:\inetpub\webroot\ResSched\data\interviews\
2018-08-04 16:18:35 processUpload - onto saving...
2018-08-04 16:18:35 processUpload - type=datafile
2018-08-04 16:18:35 processUpload - type=datafile: success
2018-08-04 20:16:30 processUpload
2018-08-04 20:16:30 processUpload - type
2018-08-04 20:16:30 processUpload - folder
2018-08-04 20:16:30 processUpload - dir: C:\inetpub\webroot\ResSched\data\interviews\
2018-08-04 20:16:30 processUpload - onto saving...
2018-08-04 20:16:30 processUpload - type=datafile
2018-08-04 20:16:30 processUpload - type=datafile: success
2018-08-08 14:46:24 processUpload
2018-08-08 14:46:24 processUpload - type
2018-08-08 14:46:24 processUpload - folder
2018-08-08 14:46:24 processUpload - dir: C:\inetpub\webroot\ResSched\data\interviews\
2018-08-08 14:46:24 processUpload - onto saving...
2018-08-08 14:46:24 processUpload - type=datafile
2018-08-08 14:46:24 processUpload - type=datafile: success
2019-02-25 16:40:13 processUpload
2019-02-25 16:40:13 processUpload - type
2019-02-25 16:40:13 processUpload - folder
2019-02-25 16:40:13 processUpload - dir: C:\inetpub\webroot\ResSched\data\interviews\
2019-02-25 16:40:13 processUpload - onto saving...
2019-02-25 16:40:13 processUpload - type=datafile
2019-02-25 16:40:13 processUpload - type=datafile: success
2019-02-25 17:02:09 processUpload
2019-02-25 17:02:09 processUpload - type
2019-02-25 17:02:09 processUpload - folder
2019-02-25 17:02:09 processUpload - dir: C:\inetpub\webroot\ResSched\data\interviews\
2019-02-25 17:02:09 processUpload - onto saving...
2019-02-25 17:02:09 processUpload - type=datafile
2019-02-25 17:02:09 processUpload - type=datafile: success
2019-02-25 17:05:24 processUpload
2019-02-25 17:05:24 processUpload - type
2019-02-25 17:05:24 processUpload - folder
2019-02-25 17:05:24 processUpload - dir: C:\inetpub\webroot\ResSched\data\interviews\
2019-02-25 17:05:24 processUpload - onto saving...
2019-02-25 17:05:24 processUpload - type=datafile
2019-02-25 17:05:24 processUpload - type=datafile: success
